{
  level: 'error',
  message: 'User validation failed: username: Path `username` is required., firstName: Path `firstName` is required., lastName: Path `lastName` is required.',
  metadata: {
    errors: {
      username: ValidatorError: Path `username` is required.
          at validate (C:\Users\Jorch\Documents\intekGlobal\ig-repos\Chat-app-project\users-service\node_modules\mongoose\lib\schematype.js:1346:13)
          at SchemaString.SchemaType.doValidate (C:\Users\Jorch\Documents\intekGlobal\ig-repos\Chat-app-project\users-service\node_modules\mongoose\lib\schematype.js:1330:7)
          at C:\Users\Jorch\Documents\intekGlobal\ig-repos\Chat-app-project\users-service\node_modules\mongoose\lib\document.js:2835:18
          at processTicksAndRejections (node:internal/process/task_queues:78:11) {
        properties: {
          validator: [Function (anonymous)],
          message: 'Path `username` is required.',
          type: 'required',
          path: 'username',
          value: ''
        },
        kind: 'required',
        path: 'username',
        value: '',
        reason: undefined,
        [Symbol(mongoose:validatorError)]: true
      },
      firstName: ValidatorError: Path `firstName` is required.
          at validate (C:\Users\Jorch\Documents\intekGlobal\ig-repos\Chat-app-project\users-service\node_modules\mongoose\lib\schematype.js:1346:13)
          at SchemaString.SchemaType.doValidate (C:\Users\Jorch\Documents\intekGlobal\ig-repos\Chat-app-project\users-service\node_modules\mongoose\lib\schematype.js:1330:7)
          at C:\Users\Jorch\Documents\intekGlobal\ig-repos\Chat-app-project\users-service\node_modules\mongoose\lib\document.js:2835:18
          at processTicksAndRejections (node:internal/process/task_queues:78:11) {
        properties: {
          validator: [Function (anonymous)],
          message: 'Path `firstName` is required.',
          type: 'required',
          path: 'firstName',
          value: ''
        },
        kind: 'required',
        path: 'firstName',
        value: '',
        reason: undefined,
        [Symbol(mongoose:validatorError)]: true
      },
      lastName: ValidatorError: Path `lastName` is required.
          at validate (C:\Users\Jorch\Documents\intekGlobal\ig-repos\Chat-app-project\users-service\node_modules\mongoose\lib\schematype.js:1346:13)
          at SchemaString.SchemaType.doValidate (C:\Users\Jorch\Documents\intekGlobal\ig-repos\Chat-app-project\users-service\node_modules\mongoose\lib\schematype.js:1330:7)
          at C:\Users\Jorch\Documents\intekGlobal\ig-repos\Chat-app-project\users-service\node_modules\mongoose\lib\document.js:2835:18
          at processTicksAndRejections (node:internal/process/task_queues:78:11) {
        properties: {
          validator: [Function (anonymous)],
          message: 'Path `lastName` is required.',
          type: 'required',
          path: 'lastName',
          value: ''
        },
        kind: 'required',
        path: 'lastName',
        value: '',
        reason: undefined,
        [Symbol(mongoose:validatorError)]: true
      }
    },
    _message: 'User validation failed',
    timestamp: '2023-01-17T00:06:00.691Z'
  }
}
{
  level: 'error',
  message: 'HTTP POST /user/create',
  metadata: {
    meta: {
      req: {
        url: '/user/create',
        headers: {
          'content-type': 'application/json',
          accept: '*/*',
          'content-length': '72',
          'user-agent': 'node-fetch/1.0 (+https://github.com/bitinn/node-fetch)',
          'accept-encoding': 'gzip,deflate',
          connection: 'close',
          host: 'localhost:4000'
        },
        method: 'POST',
        httpVersion: '1.1',
        originalUrl: '/user/create',
        query: {}
      },
      res: { statusCode: 500 },
      responseTime: 53
    },
    timestamp: '2023-01-17T00:06:00.700Z'
  }
}
{
  level: 'error',
  message: 'User validation failed: username: Path `username` is required., firstName: Path `firstName` is required., lastName: Path `lastName` is required.',
  metadata: {
    errors: {
      username: ValidatorError: Path `username` is required.
          at validate (C:\Users\Jorch\Documents\intekGlobal\ig-repos\Chat-app-project\users-service\node_modules\mongoose\lib\schematype.js:1346:13)
          at SchemaString.SchemaType.doValidate (C:\Users\Jorch\Documents\intekGlobal\ig-repos\Chat-app-project\users-service\node_modules\mongoose\lib\schematype.js:1330:7)
          at C:\Users\Jorch\Documents\intekGlobal\ig-repos\Chat-app-project\users-service\node_modules\mongoose\lib\document.js:2835:18
          at processTicksAndRejections (node:internal/process/task_queues:78:11) {
        properties: {
          validator: [Function (anonymous)],
          message: 'Path `username` is required.',
          type: 'required',
          path: 'username',
          value: ''
        },
        kind: 'required',
        path: 'username',
        value: '',
        reason: undefined,
        [Symbol(mongoose:validatorError)]: true
      },
      firstName: ValidatorError: Path `firstName` is required.
          at validate (C:\Users\Jorch\Documents\intekGlobal\ig-repos\Chat-app-project\users-service\node_modules\mongoose\lib\schematype.js:1346:13)
          at SchemaString.SchemaType.doValidate (C:\Users\Jorch\Documents\intekGlobal\ig-repos\Chat-app-project\users-service\node_modules\mongoose\lib\schematype.js:1330:7)
          at C:\Users\Jorch\Documents\intekGlobal\ig-repos\Chat-app-project\users-service\node_modules\mongoose\lib\document.js:2835:18
          at processTicksAndRejections (node:internal/process/task_queues:78:11) {
        properties: {
          validator: [Function (anonymous)],
          message: 'Path `firstName` is required.',
          type: 'required',
          path: 'firstName',
          value: ''
        },
        kind: 'required',
        path: 'firstName',
        value: '',
        reason: undefined,
        [Symbol(mongoose:validatorError)]: true
      },
      lastName: ValidatorError: Path `lastName` is required.
          at validate (C:\Users\Jorch\Documents\intekGlobal\ig-repos\Chat-app-project\users-service\node_modules\mongoose\lib\schematype.js:1346:13)
          at SchemaString.SchemaType.doValidate (C:\Users\Jorch\Documents\intekGlobal\ig-repos\Chat-app-project\users-service\node_modules\mongoose\lib\schematype.js:1330:7)
          at C:\Users\Jorch\Documents\intekGlobal\ig-repos\Chat-app-project\users-service\node_modules\mongoose\lib\document.js:2835:18
          at processTicksAndRejections (node:internal/process/task_queues:78:11) {
        properties: {
          validator: [Function (anonymous)],
          message: 'Path `lastName` is required.',
          type: 'required',
          path: 'lastName',
          value: ''
        },
        kind: 'required',
        path: 'lastName',
        value: '',
        reason: undefined,
        [Symbol(mongoose:validatorError)]: true
      }
    },
    _message: 'User validation failed',
    timestamp: '2023-01-17T00:06:01.009Z'
  }
}
{
  level: 'error',
  message: 'HTTP POST /user/create',
  metadata: {
    meta: {
      req: {
        url: '/user/create',
        headers: {
          'content-type': 'application/json',
          accept: '*/*',
          'content-length': '72',
          'user-agent': 'node-fetch/1.0 (+https://github.com/bitinn/node-fetch)',
          'accept-encoding': 'gzip,deflate',
          connection: 'close',
          host: 'localhost:4000'
        },
        method: 'POST',
        httpVersion: '1.1',
        originalUrl: '/user/create',
        query: {}
      },
      res: { statusCode: 500 },
      responseTime: 8
    },
    timestamp: '2023-01-17T00:06:01.013Z'
  }
}
