{
  level: 'error',
  message: '400: Bad Request',
  metadata: {
    path: undefined,
    locations: undefined,
    extensions: [Object: null prototype] {
      response: {
        url: 'http://localhost:4000/user/friendRequest',
        status: 400,
        statusText: 'Bad Request',
        body: { message: 'Already Friends' }
      }
    },
    timestamp: '2023-01-23T19:19:35.279Z'
  }
}
{
  level: 'error',
  message: '400: Bad Request',
  metadata: {
    path: undefined,
    locations: undefined,
    extensions: [Object: null prototype] {
      response: {
        url: 'http://localhost:4000/user/friendRequest',
        status: 400,
        statusText: 'Bad Request',
        body: { message: 'Already Friends' }
      }
    },
    timestamp: '2023-01-23T19:21:14.716Z'
  }
}
{
  level: 'error',
  message: '400: Bad Request',
  metadata: {
    path: undefined,
    locations: undefined,
    extensions: [Object: null prototype] {
      response: {
        url: 'http://localhost:4000/user/friendRequest',
        status: 400,
        statusText: 'Bad Request',
        body: { message: 'Already Friends' }
      }
    },
    timestamp: '2023-01-23T19:30:38.834Z'
  }
}
{
  level: 'error',
  message: '400: Bad Request',
  metadata: {
    path: undefined,
    locations: undefined,
    extensions: [Object: null prototype] {
      response: {
        url: 'http://localhost:4000/user/friendRequest',
        status: 400,
        statusText: 'Bad Request',
        body: { message: 'Already Friends' }
      }
    },
    timestamp: '2023-01-23T19:30:51.697Z'
  }
}
{
  level: 'error',
  message: '400: Bad Request',
  metadata: {
    path: undefined,
    locations: undefined,
    extensions: [Object: null prototype] {
      response: {
        url: 'http://localhost:4000/user/friendRequest',
        status: 400,
        statusText: 'Bad Request',
        body: { message: 'Already Friends' }
      }
    },
    timestamp: '2023-01-23T19:30:51.977Z'
  }
}
