error: 404: Not Found
error: 404: Not Found
error: 404: Not Found
error: 404: Not Found
warn: HTTP POST /graphql
warn: HTTP OPTIONS /graphql
warn: HTTP OPTIONS /graphql
warn: HTTP OPTIONS /graphql
error: Cannot read properties of null (reading 'userId')
warn: HTTP POST /graphql
warn: HTTP POST /graphql
warn: HTTP POST /graphql
warn: HTTP POST /graphql
warn: HTTP POST /graphql
warn: HTTP POST /graphql
warn: HTTP POST /graphql
warn: HTTP POST /graphql
warn: HTTP POST /graphql
warn: HTTP POST /graphql
warn: HTTP POST /graphql
warn: HTTP POST /graphql
warn: HTTP POST /graphql
warn: HTTP POST /graphql
warn: HTTP POST /graphql
warn: HTTP POST /graphql
warn: HTTP POST /graphql
warn: HTTP POST /graphql
warn: HTTP POST /graphql
warn: HTTP POST /graphql
warn: HTTP POST /graphql
warn: HTTP POST /graphql
warn: HTTP POST /graphql
warn: HTTP POST /graphql
warn: HTTP POST /graphql
warn: HTTP POST /graphql
warn: HTTP POST /graphql
warn: HTTP POST /graphql
warn: HTTP POST /graphql
warn: HTTP POST /graphql
warn: HTTP POST /graphql
warn: HTTP POST /graphql
warn: HTTP POST /graphql
warn: HTTP POST /graphql
warn: HTTP POST /graphql
warn: HTTP POST /graphql
warn: HTTP POST /graphql
warn: HTTP POST /graphql
warn: HTTP POST /graphql
warn: HTTP POST /graphql
warn: HTTP POST /graphql
warn: HTTP POST /graphql
warn: HTTP POST /graphql
warn: HTTP POST /graphql
warn: HTTP POST /graphql
warn: HTTP POST /graphql
warn: HTTP POST /graphql
warn: HTTP POST /graphql
warn: HTTP POST /graphql
warn: HTTP POST /graphql
warn: HTTP POST /graphql
warn: HTTP POST /graphql
warn: HTTP POST /graphql
warn: HTTP POST /graphql
warn: HTTP POST /graphql
warn: HTTP POST /graphql
warn: HTTP POST /graphql
warn: HTTP POST /graphql
warn: HTTP POST /graphql
warn: HTTP POST /graphql
warn: HTTP POST /graphql
warn: HTTP POST /graphql
warn: HTTP POST /graphql
warn: HTTP POST /graphql
warn: HTTP POST /graphql
warn: HTTP POST /graphql
warn: HTTP POST /graphql
warn: HTTP POST /graphql
warn: HTTP POST /graphql
warn: HTTP POST /graphql
warn: HTTP POST /graphql
warn: HTTP POST /graphql
warn: HTTP POST /graphql
warn: HTTP POST /graphql
warn: HTTP POST /graphql
warn: HTTP POST /graphql
warn: HTTP POST /graphql
warn: HTTP POST /graphql
warn: HTTP POST /graphql
warn: HTTP POST /graphql
warn: HTTP POST /graphql
warn: HTTP POST /graphql
warn: HTTP POST /graphql
warn: HTTP POST /graphql
warn: HTTP POST /graphql
warn: HTTP POST /graphql
warn: HTTP POST /graphql
warn: HTTP POST /graphql
warn: HTTP POST /graphql
warn: HTTP POST /graphql
warn: HTTP POST /graphql
warn: HTTP POST /graphql
warn: HTTP POST /graphql
warn: HTTP POST /graphql
warn: HTTP POST /graphql
warn: HTTP POST /graphql
warn: HTTP POST /graphql
warn: HTTP GET /graphql
error: HTTP POST /graphql
error: HTTP POST /graphql
warn: HTTP POST /graphql
warn: HTTP POST /graphql
warn: HTTP POST /graphql
warn: HTTP POST /graphql
warn: HTTP POST /graphql
warn: HTTP POST /graphql
warn: HTTP POST /graphql
warn: HTTP POST /graphql
warn: HTTP POST /graphql
warn: HTTP POST /graphql
warn: HTTP POST /graphql
warn: HTTP POST /graphql
warn: HTTP POST /graphql
warn: HTTP POST /graphql
warn: HTTP POST /graphql
warn: HTTP POST /graphql
warn: HTTP POST /graphql
warn: HTTP POST /graphql
warn: HTTP POST /graphql
warn: HTTP POST /graphql
warn: HTTP POST /graphql
warn: HTTP POST /graphql
warn: HTTP POST /graphql
warn: HTTP POST /graphql
warn: HTTP POST /graphql
warn: HTTP POST /graphql
warn: HTTP POST /graphql
warn: HTTP POST /graphql
warn: HTTP POST /graphql
warn: HTTP POST /graphql
warn: HTTP POST /graphql
warn: HTTP POST /graphql
warn: HTTP POST /graphql
warn: HTTP POST /graphql
warn: HTTP POST /graphql
warn: HTTP POST /graphql
warn: HTTP POST /graphql
warn: HTTP POST /graphql
warn: HTTP POST /graphql
warn: HTTP POST /graphql
warn: HTTP POST /graphql
warn: HTTP POST /graphql
warn: HTTP POST /graphql
warn: HTTP POST /graphql
warn: HTTP POST /graphql
warn: HTTP POST /graphql
warn: HTTP POST /graphql
warn: HTTP POST /graphql
warn: HTTP POST /graphql
warn: HTTP POST /graphql
warn: HTTP POST /graphql
warn: HTTP GET /graphql
warn: HTTP GET /graphql
warn: HTTP GET /graphql
warn: HTTP GET /graphql
warn: HTTP POST /graphql
